<?xml version="1.0" encoding="UTF-8"?>
<!-- Generated by org.testng.reporters.JUnitXMLReporter -->
<testsuite hostname="DESKTOP-9DC16RT" name="test2" tests="3" failures="0" timestamp="1 Oct 2020 07:17:32 GMT" time="139.078" errors="0">
  <testcase name="VerifyCreatedOrderSetAndDeleteIfAlreadyPresent" time="28.634" classname="OPDEMR.tests.OrderSetTest"/>
  <testcase name="CreateAOrderSet" time="58.142" classname="OPDEMR.tests.OrderSetTest"/>
  <testcase name="VerifyCreatedOrderSet" time="33.601" classname="OPDEMR.tests.OrderSetTest"/>
</testsuite> <!-- test2 -->
