<?xml version="1.0" encoding="UTF-8"?>
<!-- Generated by org.testng.reporters.JUnitXMLReporter -->
<testsuite hostname="DESKTOP-3QN7H6K" name="User Registration" tests="5" failures="2" timestamp="13 Feb 2020 12:20:04 GMT" time="4.151" errors="0">
  <testcase name="@AfterMethod afterMainMethod" time="0.0" classname="productivise.tests.UserManagementRegressionTest">
    <failure type="java.lang.NullPointerException">
      <![CDATA[java.lang.NullPointerException
	at productivise.tests.BaseTest.afterMainMethod(BaseTest.java:193)
	at java.util.concurrent.ThreadPoolExecutor.runWorker(Unknown Source)
	at java.util.concurrent.ThreadPoolExecutor$Worker.run(Unknown Source)
	at java.lang.Thread.run(Unknown Source)
... Removed 12 stack frames]]>
    </failure>
  </testcase> <!-- @AfterMethod afterMainMethod -->
  <testcase name="@AfterMethod afterMainMethod" time="0.0" classname="productivise.tests.UserManagementRegressionTest">
    <failure type="java.lang.NullPointerException">
      <![CDATA[java.lang.NullPointerException
	at productivise.tests.BaseTest.afterMainMethod(BaseTest.java:193)
	at java.util.concurrent.ThreadPoolExecutor.runWorker(Unknown Source)
	at java.util.concurrent.ThreadPoolExecutor$Worker.run(Unknown Source)
	at java.lang.Thread.run(Unknown Source)
... Removed 12 stack frames]]>
    </failure>
  </testcase> <!-- @AfterMethod afterMainMethod -->
  <testcase name="@BeforeMethod driversetup" time="0.0" classname="productivise.tests.UserManagementRegressionTest">
    <skipped/>
  </testcase> <!-- @BeforeMethod driversetup -->
  <testcase name="@BeforeMethod initializePages" time="0.0" classname="productivise.tests.UserManagementRegressionTest">
    <skipped/>
  </testcase> <!-- @BeforeMethod initializePages -->
  <testcase name="@AfterMethod afterMainMethod" time="0.0" classname="productivise.tests.UserManagementRegressionTest">
    <failure type="java.lang.NullPointerException">
      <![CDATA[java.lang.NullPointerException
	at productivise.tests.BaseTest.afterMainMethod(BaseTest.java:205)
	at java.util.concurrent.ThreadPoolExecutor.runWorker(Unknown Source)
	at java.util.concurrent.ThreadPoolExecutor$Worker.run(Unknown Source)
	at java.lang.Thread.run(Unknown Source)
... Removed 12 stack frames]]>
    </failure>
  </testcase> <!-- @AfterMethod afterMainMethod -->
  <testcase name="@BeforeMethod driversetup" time="0.0" classname="productivise.tests.UserManagementRegressionTest">
    <skipped/>
  </testcase> <!-- @BeforeMethod driversetup -->
  <testcase name="@BeforeMethod driversetup" time="0.0" classname="productivise.tests.UserManagementRegressionTest">
    <skipped/>
  </testcase> <!-- @BeforeMethod driversetup -->
  <testcase name="@BeforeMethod initializePages" time="0.0" classname="productivise.tests.UserManagementRegressionTest">
    <skipped/>
  </testcase> <!-- @BeforeMethod initializePages -->
  <testcase name="@BeforeMethod initializePages" time="0.0" classname="productivise.tests.UserManagementRegressionTest">
    <skipped/>
  </testcase> <!-- @BeforeMethod initializePages -->
  <testcase name="@AfterMethod afterMainMethod" time="0.0" classname="productivise.tests.UserManagementRegressionTest">
    <failure type="java.lang.NullPointerException">
      <![CDATA[java.lang.NullPointerException
	at productivise.tests.BaseTest.afterMainMethod(BaseTest.java:205)
	at java.util.concurrent.ThreadPoolExecutor.runWorker(Unknown Source)
	at java.util.concurrent.ThreadPoolExecutor$Worker.run(Unknown Source)
	at java.lang.Thread.run(Unknown Source)
... Removed 12 stack frames]]>
    </failure>
  </testcase> <!-- @AfterMethod afterMainMethod -->
  <testcase name="@AfterMethod afterMainMethod" time="0.0" classname="productivise.tests.UserManagementRegressionTest">
    <failure type="java.lang.NullPointerException">
      <![CDATA[java.lang.NullPointerException
	at productivise.tests.BaseTest.afterMainMethod(BaseTest.java:205)
	at java.util.concurrent.ThreadPoolExecutor.runWorker(Unknown Source)
	at java.util.concurrent.ThreadPoolExecutor$Worker.run(Unknown Source)
	at java.lang.Thread.run(Unknown Source)
... Removed 12 stack frames]]>
    </failure>
  </testcase> <!-- @AfterMethod afterMainMethod -->
  <testcase name="productiviseUserManagement2" time="0.04" classname="productivise.tests.UserManagementRegressionTest">
    <failure type="java.lang.NullPointerException">
      <![CDATA[java.lang.NullPointerException
	at java.util.Objects.requireNonNull(Unknown Source)
	at org.openqa.selenium.support.ui.FluentWait.<init>(FluentWait.java:106)
	at org.openqa.selenium.support.ui.WebDriverWait.<init>(WebDriverWait.java:85)
	at org.openqa.selenium.support.ui.WebDriverWait.<init>(WebDriverWait.java:45)
	at productivise.base.BasePage.<init>(BasePage.java:89)
	at productivise.pages.LoginPage.<init>(LoginPage.java:12)
	at productivise.pages.PageCollection.getLoginPage(PageCollection.java:45)
	at productivise.tests.UserManagementRegressionTest.productiviseUserManagement2(UserManagementRegressionTest.java:72)
	at java.util.concurrent.ThreadPoolExecutor.runWorker(Unknown Source)
	at java.util.concurrent.ThreadPoolExecutor$Worker.run(Unknown Source)
	at java.lang.Thread.run(Unknown Source)
... Removed 10 stack frames]]>
    </failure>
  </testcase> <!-- productiviseUserManagement2 -->
  <testcase name="productiviseUserManagement" time="0.055" classname="productivise.tests.UserManagementRegressionTest">
    <failure type="java.lang.NullPointerException">
      <![CDATA[java.lang.NullPointerException
	at java.util.Objects.requireNonNull(Unknown Source)
	at org.openqa.selenium.support.ui.FluentWait.<init>(FluentWait.java:106)
	at org.openqa.selenium.support.ui.WebDriverWait.<init>(WebDriverWait.java:85)
	at org.openqa.selenium.support.ui.WebDriverWait.<init>(WebDriverWait.java:45)
	at productivise.base.BasePage.<init>(BasePage.java:89)
	at productivise.pages.LoginPage.<init>(LoginPage.java:12)
	at productivise.pages.PageCollection.getLoginPage(PageCollection.java:45)
	at productivise.tests.UserManagementRegressionTest.productiviseUserManagement(UserManagementRegressionTest.java:24)
	at java.util.concurrent.ThreadPoolExecutor.runWorker(Unknown Source)
	at java.util.concurrent.ThreadPoolExecutor$Worker.run(Unknown Source)
	at java.lang.Thread.run(Unknown Source)
... Removed 10 stack frames]]>
    </failure>
  </testcase> <!-- productiviseUserManagement -->
  <testcase name="productiviseUserManagement3" time="0.004" classname="productivise.tests.UserManagementRegressionTest">
    <skipped/>
  </testcase> <!-- productiviseUserManagement3 -->
  <testcase name="productiviseUserManagementMultipleUserAction" time="0.005" classname="productivise.tests.UserManagementRegressionTest">
    <skipped/>
  </testcase> <!-- productiviseUserManagementMultipleUserAction -->
  <testcase name="productiviseUserManagementBulkUserImport" time="0.001" classname="productivise.tests.UserManagementRegressionTest">
    <skipped/>
  </testcase> <!-- productiviseUserManagementBulkUserImport -->
</testsuite> <!-- User Registration -->
