<?xml version="1.0" encoding="UTF-8"?>
<testng-results skipped="0" failed="1" total="1" passed="0">
  <reporter-output>
    <line>
      <![CDATA[<a href= 'D:/Eclipse Projects/OPDEMR_Automation/screenshots/VerifyTheTestCasesForSOAP_Plan2020-10-12-06-21-29.png'target='_blank' ><img src='D:/Eclipse Projects/OPDEMR_Automation/screenshots/VerifyTheTestCasesForSOAP_Plan2020-10-12-06-21-29.png'>VerifyTheTestCasesForSOAP_Plan2020-10-12-06-21-29</a>]]>
    </line>
  </reporter-output>
  <suite name="Default suite" duration-ms="128359" started-at="2020-10-12T12:49:25Z" finished-at="2020-10-12T12:51:33Z">
    <groups>
    </groups>
    <test name="Default test" duration-ms="128359" started-at="2020-10-12T12:49:25Z" finished-at="2020-10-12T12:51:33Z">
      <class name="OPDEMR.tests.SoapConfiguration_AssesmentTest">
        <test-method status="PASS" signature="before()[pri:0, instance:OPDEMR.tests.SoapConfiguration_AssesmentTest@6d4d66d2]" name="before" is-config="true" duration-ms="104" started-at="2020-10-12T18:19:24Z" finished-at="2020-10-12T18:19:25Z">
          <reporter-output>
          </reporter-output>
        </test-method> <!-- before -->
        <test-method status="PASS" signature="driversetup(java.lang.String)[pri:0, instance:OPDEMR.tests.SoapConfiguration_AssesmentTest@6d4d66d2]" name="driversetup" is-config="true" duration-ms="5889" started-at="2020-10-12T18:19:25Z" finished-at="2020-10-12T18:19:30Z">
          <params>
            <param index="0">
              <value>
                <![CDATA[Optional Parameter]]>
              </value>
            </param>
          </params>
          <reporter-output>
          </reporter-output>
        </test-method> <!-- driversetup -->
        <test-method status="PASS" signature="initializePages()[pri:0, instance:OPDEMR.tests.SoapConfiguration_AssesmentTest@6d4d66d2]" name="initializePages" is-config="true" duration-ms="4" started-at="2020-10-12T18:19:30Z" finished-at="2020-10-12T18:19:30Z">
          <reporter-output>
          </reporter-output>
        </test-method> <!-- initializePages -->
        <test-method status="FAIL" signature="VerifyTheTestCasesForSOAP_Plan()[pri:0, instance:OPDEMR.tests.SoapConfiguration_AssesmentTest@6d4d66d2]" name="VerifyTheTestCasesForSOAP_Plan" duration-ms="118584" started-at="2020-10-12T18:19:30Z" finished-at="2020-10-12T18:21:29Z">
          <exception class="org.openqa.selenium.ElementNotInteractableException">
            <message>
              <![CDATA[element not interactable
  (Session info: chrome=86.0.4240.75)
Build info: version: '3.141.59', revision: 'e82be7d358', time: '2018-11-14T08:17:03'
System info: host: 'DESKTOP-9DC16RT', ip: '192.168.99.1', os.name: 'Windows 10', os.arch: 'amd64', os.version: '10.0', java.version: '1.8.0_241'
Driver info: org.openqa.selenium.chrome.ChromeDriver
Capabilities {acceptInsecureCerts: false, browserName: chrome, browserVersion: 86.0.4240.75, chrome: {chromedriverVersion: 86.0.4240.22 (398b0743353ff..., userDataDir: C:\Users\Ashraf\AppData\Loc...}, goog:chromeOptions: {debuggerAddress: localhost:61764}, javascriptEnabled: true, networkConnectionEnabled: false, pageLoadStrategy: normal, platform: WINDOWS, platformName: WINDOWS, proxy: Proxy(), setWindowRect: true, strictFileInteractability: false, timeouts: {implicit: 0, pageLoad: 300000, script: 30000}, unhandledPromptBehavior: dismiss and notify, webauthn:virtualAuthenticators: true}
Session ID: 0e7a37e09fe07d24d917b3d524fe8425]]>
            </message>
            <full-stacktrace>
              <![CDATA[org.openqa.selenium.ElementNotInteractableException: element not interactable
  (Session info: chrome=86.0.4240.75)
Build info: version: '3.141.59', revision: 'e82be7d358', time: '2018-11-14T08:17:03'
System info: host: 'DESKTOP-9DC16RT', ip: '192.168.99.1', os.name: 'Windows 10', os.arch: 'amd64', os.version: '10.0', java.version: '1.8.0_241'
Driver info: org.openqa.selenium.chrome.ChromeDriver
Capabilities {acceptInsecureCerts: false, browserName: chrome, browserVersion: 86.0.4240.75, chrome: {chromedriverVersion: 86.0.4240.22 (398b0743353ff..., userDataDir: C:\Users\Ashraf\AppData\Loc...}, goog:chromeOptions: {debuggerAddress: localhost:61764}, javascriptEnabled: true, networkConnectionEnabled: false, pageLoadStrategy: normal, platform: WINDOWS, platformName: WINDOWS, proxy: Proxy(), setWindowRect: true, strictFileInteractability: false, timeouts: {implicit: 0, pageLoad: 300000, script: 30000}, unhandledPromptBehavior: dismiss and notify, webauthn:virtualAuthenticators: true}
Session ID: 0e7a37e09fe07d24d917b3d524fe8425
	at sun.reflect.NativeConstructorAccessorImpl.newInstance0(Native Method)
	at sun.reflect.NativeConstructorAccessorImpl.newInstance(NativeConstructorAccessorImpl.java:62)
	at sun.reflect.DelegatingConstructorAccessorImpl.newInstance(DelegatingConstructorAccessorImpl.java:45)
	at java.lang.reflect.Constructor.newInstance(Constructor.java:423)
	at org.openqa.selenium.remote.http.W3CHttpResponseCodec.createException(W3CHttpResponseCodec.java:187)
	at org.openqa.selenium.remote.http.W3CHttpResponseCodec.decode(W3CHttpResponseCodec.java:122)
	at org.openqa.selenium.remote.http.W3CHttpResponseCodec.decode(W3CHttpResponseCodec.java:49)
	at org.openqa.selenium.remote.HttpCommandExecutor.execute(HttpCommandExecutor.java:158)
	at org.openqa.selenium.remote.service.DriverCommandExecutor.execute(DriverCommandExecutor.java:83)
	at org.openqa.selenium.remote.RemoteWebDriver.execute(RemoteWebDriver.java:552)
	at org.openqa.selenium.remote.RemoteWebElement.execute(RemoteWebElement.java:285)
	at org.openqa.selenium.remote.RemoteWebElement.clear(RemoteWebElement.java:124)
	at OPDEMR.base.BasePage.setText(BasePage.java:157)
	at OPDEMR.pages.TemplatesPages.AddMedicineswithTaperDose(TemplatesPages.java:331)
	at OPDEMR.tests.SoapConfiguration_AssesmentTest.VerifyTheTestCasesForSOAP_Plan(SoapConfiguration_AssesmentTest.java:50)
	at sun.reflect.NativeMethodAccessorImpl.invoke0(Native Method)
	at sun.reflect.NativeMethodAccessorImpl.invoke(NativeMethodAccessorImpl.java:62)
	at sun.reflect.DelegatingMethodAccessorImpl.invoke(DelegatingMethodAccessorImpl.java:43)
	at java.lang.reflect.Method.invoke(Method.java:498)
	at org.testng.internal.MethodInvocationHelper.invokeMethod(MethodInvocationHelper.java:84)
	at org.testng.internal.Invoker.invokeMethod(Invoker.java:714)
	at org.testng.internal.Invoker.invokeTestMethod(Invoker.java:901)
	at org.testng.internal.Invoker.invokeTestMethods(Invoker.java:1231)
	at org.testng.internal.TestMethodWorker.invokeTestMethods(TestMethodWorker.java:127)
	at org.testng.internal.TestMethodWorker.run(TestMethodWorker.java:111)
	at org.testng.TestRunner.privateRun(TestRunner.java:767)
	at org.testng.TestRunner.run(TestRunner.java:617)
	at org.testng.SuiteRunner.runTest(SuiteRunner.java:334)
	at org.testng.SuiteRunner.runSequentially(SuiteRunner.java:329)
	at org.testng.SuiteRunner.privateRun(SuiteRunner.java:291)
	at org.testng.SuiteRunner.run(SuiteRunner.java:240)
	at org.testng.SuiteRunnerWorker.runSuite(SuiteRunnerWorker.java:52)
	at org.testng.SuiteRunnerWorker.run(SuiteRunnerWorker.java:86)
	at org.testng.TestNG.runSuitesSequentially(TestNG.java:1224)
	at org.testng.TestNG.runSuitesLocally(TestNG.java:1149)
	at org.testng.TestNG.run(TestNG.java:1057)
	at org.testng.remote.AbstractRemoteTestNG.run(AbstractRemoteTestNG.java:115)
	at org.testng.remote.RemoteTestNG.initAndRun(RemoteTestNG.java:251)
	at org.testng.remote.RemoteTestNG.main(RemoteTestNG.java:77)
]]>
            </full-stacktrace>
          </exception> <!-- org.openqa.selenium.ElementNotInteractableException -->
          <reporter-output>
          </reporter-output>
        </test-method> <!-- VerifyTheTestCasesForSOAP_Plan -->
        <test-method status="PASS" signature="afterMainMethod(org.testng.ITestResult)[pri:0, instance:OPDEMR.tests.SoapConfiguration_AssesmentTest@6d4d66d2]" name="afterMainMethod" is-config="true" duration-ms="3870" started-at="2020-10-12T18:21:29Z" finished-at="2020-10-12T18:21:33Z">
          <params>
            <param index="0">
              <value>
                <![CDATA[[TestResult name=VerifyTheTestCasesForSOAP_Plan status=FAILURE method=SoapConfiguration_AssesmentTest.VerifyTheTestCasesForSOAP_Plan()[pri:0, instance:OPDEMR.tests.SoapConfiguration_AssesmentTest@6d4d66d2] output={null}]]]>
              </value>
            </param>
          </params>
          <reporter-output>
            <line>
              <![CDATA[<a href= 'D:/Eclipse Projects/OPDEMR_Automation/screenshots/VerifyTheTestCasesForSOAP_Plan2020-10-12-06-21-29.png'target='_blank' ><img src='D:/Eclipse Projects/OPDEMR_Automation/screenshots/VerifyTheTestCasesForSOAP_Plan2020-10-12-06-21-29.png'>VerifyTheTestCasesForSOAP_Plan2020-10-12-06-21-29</a>]]>
            </line>
          </reporter-output>
        </test-method> <!-- afterMainMethod -->
        <test-method status="PASS" signature="tearDownSuite()[pri:0, instance:OPDEMR.tests.SoapConfiguration_AssesmentTest@6d4d66d2]" name="tearDownSuite" is-config="true" duration-ms="74" started-at="2020-10-12T18:21:33Z" finished-at="2020-10-12T18:21:33Z">
          <reporter-output>
          </reporter-output>
        </test-method> <!-- tearDownSuite -->
      </class> <!-- OPDEMR.tests.SoapConfiguration_AssesmentTest -->
    </test> <!-- Default test -->
  </suite> <!-- Default suite -->
</testng-results>
